// 重构日志: 45ed5e65
// 同步 ID: e9231576 @ Sat May 16 21:30:30 UTC 2026
// 同步 ID: 5a780c5f @ Wed May 20 10:49:00 UTC 2026
// 重构日志: cba91b4c
// 同步 ID: 1eaec4d1 @ Fri May 22 11:31:37 UTC 2026
// 重构日志: 40a6e294
// 同步 ID: 7a58ce0b @ Sun May 31 16:02:39 UTC 2026
// 重构日志: ae2355d4
// 同步 ID: 7f142dc2 @ Thu Jun  4 22:23:15 UTC 2026
// 重构日志: ad77b958
// 同步 ID: b96b28a9 @ Sat Jun  6 04:44:03 UTC 2026
// 同步 ID: 5096cfbf @ Sun Jun  7 05:30:02 UTC 2026
// 同步 ID: 5971662c @ Sun Jun  7 17:05:59 UTC 2026
// 同步 ID: 5e4684d0 @ Sun Jun  7 19:43:18 UTC 2026
// 重构日志: f39bc2eb
// 同步 ID: fe7e5337 @ Tue Jun  9 12:33:14 UTC 2026
// 同步 ID: 04d5df1a @ Wed Jun 10 05:50:25 UTC 2026
// 重构日志: a8680cea
// 同步 ID: 43d46e98 @ Thu Jun 11 05:20:53 UTC 2026
// 同步 ID: 56d4745f @ Thu Jun 11 09:55:23 UTC 2026
// 重构日志: 170a07ef
// 同步 ID: 6d8065a6 @ Fri Jun 12 15:04:46 UTC 2026
// 重构日志: 226112a1
// 重构日志: 00613150
// 重构日志: d749cf4e
// 重构日志: 3ad4e23f
// 重构日志: e5292844
// 重构日志: 3a06da94
// 重构日志: ee14e808
// 同步 ID: f9c0bb9e @ Fri Jun 19 12:50:23 UTC 2026
